Arguments: 
  /usr/local/bin/node /usr/share/yarn/bin/yarn.js add @react-navigation/native

PATH: 
  /usr/local/sbin:/usr/local/bin:/usr/sbin:/usr/bin:/sbin:/bin:/usr/games:/usr/local/games:/snap/bin:/home/nii/Android/Sdk/tools:/home/nii/Android/Sdk/platform-tools

Yarn version: 
  1.22.19

Node version: 
  18.16.0

Platform: 
  linux x64

Trace: 
  SyntaxError: /home/nii/.cache/yarn/v6/npm-react-native-0.68.0-00204818c7fa5a9802ee73f3905a6d9b1c945a31-integrity/node_modules/react-native/.yarn-metadata.json: Unexpected end of JSON input
      at JSON.parse (<anonymous>)
      at /usr/share/yarn/lib/cli.js:1629:59
      at Generator.next (<anonymous>)
      at step (/usr/share/yarn/lib/cli.js:310:30)
      at /usr/share/yarn/lib/cli.js:321:13

npm manifest: 
  {
    "name": "ficmania",
    "version": "0.0.1",
    "private": true,
    "scripts": {
      "android": "react-native run-android",
      "ios": "react-native run-ios",
      "start": "react-native start",
      "test": "jest",
      "lint": "eslint ."
    },
    "dependencies": {
      "react": "17.0.2",
      "react-native": "0.68.0"
    },
    "devDependencies": {
      "@babel/core": "7.22.1",
      "@babel/runtime": "7.22.3",
      "@react-native-community/eslint-config": "2.0.0",
      "babel-jest": "26.6.3",
      "eslint": "7.32.0",
      "jest": "26.6.3",
      "metro-react-native-babel-preset": "0.67.0",
      "react-test-renderer": "17.0.2"
    },
    "jest": {
      "preset": "react-native"
    }
  }

yarn manifest: 
  No manifest

Lockfile: 
  No lockfile
